c:\users\jbeyr\desktop\tetris\tetris\debug\vc141.pdb
c:\users\jbeyr\desktop\tetris\tetris\debug\vc141.idb
c:\users\jbeyr\desktop\tetris\tetris\debug\texture.obj
c:\users\jbeyr\desktop\tetris\tetris\debug\tetromino.obj
c:\users\jbeyr\desktop\tetris\tetris\debug\main.obj
c:\users\jbeyr\desktop\tetris\tetris\debug\bloc.obj
c:\users\jbeyr\desktop\tetris\tetris\debug\game.obj
c:\users\jbeyr\desktop\tetris\tetris\debug\main.obj.enc
c:\users\jbeyr\desktop\tetris\debug\tetris.pdb
c:\users\jbeyr\desktop\tetris\tetris\debug\tetris.tlog\cl.command.1.tlog
c:\users\jbeyr\desktop\tetris\tetris\debug\tetris.tlog\cl.read.1.tlog
c:\users\jbeyr\desktop\tetris\tetris\debug\tetris.tlog\cl.write.1.tlog
c:\users\jbeyr\desktop\tetris\tetris\debug\tetris.tlog\link.9940-cvtres.read.1.tlog
c:\users\jbeyr\desktop\tetris\tetris\debug\tetris.tlog\link.9940-cvtres.write.1.tlog
c:\users\jbeyr\desktop\tetris\tetris\debug\tetris.tlog\link.9940-rc.read.1.tlog
c:\users\jbeyr\desktop\tetris\tetris\debug\tetris.tlog\link.9940-rc.write.1.tlog
c:\users\jbeyr\desktop\tetris\tetris\debug\tetris.tlog\link.9940.read.1.tlog
c:\users\jbeyr\desktop\tetris\tetris\debug\tetris.tlog\link.9940.write.1.tlog
c:\users\jbeyr\desktop\tetris\tetris\debug\tetris.tlog\link.command.1.tlog
c:\users\jbeyr\desktop\tetris\tetris\debug\tetris.tlog\link.read.1.tlog
c:\users\jbeyr\desktop\tetris\tetris\debug\tetris.tlog\link.write.1.tlog
