f:\tetris\tetris\debug\vc141.pdb
f:\tetris\tetris\debug\vc141.idb
f:\tetris\tetris\debug\bloc.obj
f:\tetris\tetris\debug\loopsdl.obj
f:\tetris\tetris\debug\main.obj
c:\users\hugo d\documents\ensisa\c++\c++\tetris\tetris\debug\vc141.pdb
c:\users\hugo d\documents\ensisa\c++\c++\tetris\tetris\debug\vc141.idb
c:\users\hugo d\documents\ensisa\c++\c++\tetris\tetris\debug\bloc.obj
c:\users\hugo d\documents\ensisa\c++\c++\tetris\tetris\debug\loopsdl.obj
c:\users\hugo d\documents\ensisa\c++\c++\tetris\tetris\debug\main.obj
c:\users\hugo d\documents\ensisa\c++\c++\tetris\tetris\debug\tetromino.obj
f:\tetris\debug\tetris.ilk
f:\tetris\debug\tetris.exe
f:\tetris\debug\tetris.pdb
c:\users\hugo d\documents\ensisa\c++\c++\tetris\debug\tetris.exe
c:\users\hugo d\documents\ensisa\c++\c++\tetris\debug\tetris.ilk
c:\users\hugo d\documents\ensisa\c++\c++\tetris\debug\tetris.pdb
c:\users\hugo d\documents\ensisa\c++\c++\tetris\tetris\debug\tetris.tlog\cl.command.1.tlog
c:\users\hugo d\documents\ensisa\c++\c++\tetris\tetris\debug\tetris.tlog\cl.read.1.tlog
c:\users\hugo d\documents\ensisa\c++\c++\tetris\tetris\debug\tetris.tlog\cl.write.1.tlog
c:\users\hugo d\documents\ensisa\c++\c++\tetris\tetris\debug\tetris.tlog\link.command.1.tlog
c:\users\hugo d\documents\ensisa\c++\c++\tetris\tetris\debug\tetris.tlog\link.read.1.tlog
c:\users\hugo d\documents\ensisa\c++\c++\tetris\tetris\debug\tetris.tlog\link.write.1.tlog
